1603734673440:st
1603734753858:start
1603734756139:st
1603735860010:hello gigi
1603735864659:st
1603736111960:hello chin
1603736117444:st
1603736146113:учше
1603736149815:exit
1603736216328:hello me
1603736221604:start
1603736244499:s
1603907743444:ые
1603907745417:st
1603907753423:hello ivan
1603907758836:st
1603907804445:ые
1603907808001:st
1603907927813:login iv
1603907935949:hello iban
1603907940064:start
1603907985136:st
1603908139836:hello asd
1603908143951:start
1603908163915:ые
1603908166533:st
1604943334020:h
1604943338217:gb
1604943500643:h
1604943502727:gb
1604943507937:stacktrace
1604943570810:h
1604943573001:gb
1604943691651:book Толстой
1604943704634:gb Толстой
1604943762691:gb
1604943767355:h
1604943769459:gb
1604943771236:h
1604943774210:b
1604943776013:gb
1604945047550:пи
1604945050815:gb
1604946103669:gaa
1604946181486:ga
1604946187070:gaa
1604946205708:gb Есенин
1604946217402:gb Ильф
1604946491141:gb --a Пушкин --g Роман
1604946523191:gb
1604946572174:gb --a Толстой --genre='оман'
1604946587346:gb --a Толстой --genre=Роман
1604946602041:stachTrace
1604946611661:stacktrace
1604947402297:gag
1604947407686:gaa
1604947411356:authors
1604947467151:help
1604947981484:gab
1604948006202:gb
1604949256221:gb --a=Толстой
1604949267369:gb --a Толстой
1604949282117:gb Толстой
1604949393314:gb -aТолстой
1604949404913:gb --a Толстой
1604949415030:gb --a=Толстой
1605030726442:gb
1605030764434:ab --n
1605030936488:ab --n "asdasdasdasdasd"
1605030988265:ab --n 'asdasdasd' --a 'lexander Pushkin' --g 'oman'
1605030991684:gb
1605031013316:db 3
1605031063070:gb
1605031109430:gb --n Война и мир
1605031130211:gb --n ''
1605031193022:gb --n asdasd
1605032453258:gb
1605032462658:ag
1605032467911:aa
1605032473166:help
1605032480041:gaa
1605032535613:aa --name 'моя книга' --a 'иван чупахин' --g 'детективный роман'
1605032552381:ab --name 'моя книга' --a 'иван чупахин' --g 'рдетективный роман'
1605032556023:gb
1605032596192:db 1
1605032603173:gb
1605361264164:ddfg
1605361266822:help
1605361279582:gb
1605361294228:bs
1605365235076:boks
1605365238430:bs
1605366251547:lll
1605366255642:gb
1605366259851:help
1605366266828:ag
1605366955382:gb
1605366957714:books
1605367102017:sfsdf
1605367111198:books
1605367160668:getbook
1605367163130:books
1606803308211:hello chups
1606803311922:st
1606803399212:hello mama
1606803402770:st
1606812514679:фи
1606812516933:ab
1606812519550:books
1606812524844:ag
1606812540003:aa
1606812545518:gb
1606812548951:help
1606812559681:fb
1606812567500:help fb
1606812590758:fb --author Tolstoy
1606902880950:help
1606902890718:all-authors
1606903015015:help
1606903023726:all-books
1606903035218:add-book
1606903045427:add-book asdasd asdasd asdasd
1606903052106:all-book
1606903060663:all-books
1606903100872:add-book --n My --a Esenin --g Novel
1606903111584:all-books
1606903130730:help
1606903142500:find-book
1606903159135:find-book --g Novel
1606903205522:help find-book
1606903233511:find-book --g 'Novel'
1606903394348:all-books
1606903399827:find-book
1606903416606:find-book --a 'Esenin'
1606903452253:stacktrace
1606903651085:find-book --g 'Novel'
1606903715851:help
1606903747141:find-book --g ''
1606903766510:find-book --g 'Novel'
1606903778377:stacktrace
1606903867118:find-book --g Novel
1606903884859:find-book --g 'Novel'
1606903905267:find-book --a Tolstoy
1606903920578:help
1606903932732:update-book
1606903942261:update book --id 1
1606903949652:stacktrace
1606903969642:update-book --id 1
1606903983087:all-books
1606904014339:update-book --id 1 --n 'Black man returns'
1606904019415:all-books
1606904028634:delete-book
1606904035044:delete-book 1
1606904138517:all-books
1606904148086:delete-book --id 1
1606904370379:all-books
1606904379708:help
1606904391606:delete-book 1
1606904397678:all-books
1606904486742:update-book --id 1 --g 'new genre'
1606904497966:all-books
1606904504983:help
1606904540377:add-book-comment --id 1 --t comments
1606904547970:all-books
1606904576421:help
1606904795902:all-books
1606904807811:delete-comment 7
1606904818451:all-books
1606904823344:help
1606904836181:get-book-comments 1
1606904851306:update-comment
1606904870785:update-comment --cid 7 --t asdasd
1606904898151:update-comment --cid 8 --t my new comment sex
1606904911420:update-comment --cid 8 --t 'my new comment sex'
1606904919882:all-books
1607533719814:all-authors
1607534319624:all-genres
1607534325006:all-authors
1607535197860:all-books
1607535202763:stacktrace
1607535269007:all-books
